c:\users\advai\onedrive\desktop\programming\cpp coding\bank_management_system\bank_management_system\debug\vc142.pdb
c:\users\advai\onedrive\desktop\programming\cpp coding\bank_management_system\bank_management_system\debug\vc142.idb
c:\users\advai\onedrive\desktop\programming\cpp coding\bank_management_system\bank_management_system\debug\bank_system.obj
c:\users\advai\onedrive\desktop\programming\cpp coding\bank_management_system\bank_management_system\debug\bank_management_system.obj
c:\users\advai\onedrive\desktop\programming\cpp coding\bank_management_system\bank_management_system\debug\bank_staff.obj
c:\users\advai\onedrive\desktop\programming\cpp coding\bank_management_system\bank_management_system\debug\display.obj
c:\users\advai\onedrive\desktop\second year\microprojects\data structures using c\bank_management_system\bank_management_system\debug\vc142.pdb
c:\users\advai\onedrive\desktop\second year\microprojects\data structures using c\bank_management_system\bank_management_system\debug\vc142.idb
c:\users\advai\onedrive\desktop\second year\microprojects\data structures using c\bank_management_system\bank_management_system\debug\display.obj
c:\users\advai\onedrive\desktop\second year\microprojects\data structures using c\bank_management_system\bank_management_system\debug\bank_system.obj
c:\users\advai\onedrive\desktop\second year\microprojects\data structures using c\bank_management_system\bank_management_system\debug\bank_staff.obj
c:\users\advai\onedrive\desktop\second year\microprojects\data structures using c\bank_management_system\bank_management_system\debug\bank_management_system.obj
c:\users\advai\onedrive\desktop\programming\cpp coding\bank_management_system\debug\bank_management_system.exe
c:\users\advai\onedrive\desktop\programming\cpp coding\bank_management_system\bank_management_system\debug\bank_management_system.ilk
c:\users\advai\onedrive\desktop\programming\cpp coding\bank_management_system\debug\bank_management_system.pdb
c:\users\advai\onedrive\desktop\second year\microprojects\data structures using c\bank_management_system\bank_management_system\debug\bank_system.obj.enc
c:\users\advai\onedrive\desktop\second year\microprojects\data structures using c\bank_management_system\debug\bank_management_system.pdb
c:\users\advai\onedrive\desktop\second year\microprojects\data structures using c\bank_management_system\bank_management_system\debug\bank_man.62208a58.tlog\cl.command.1.tlog
c:\users\advai\onedrive\desktop\second year\microprojects\data structures using c\bank_management_system\bank_management_system\debug\bank_man.62208a58.tlog\cl.read.1.tlog
c:\users\advai\onedrive\desktop\second year\microprojects\data structures using c\bank_management_system\bank_management_system\debug\bank_man.62208a58.tlog\cl.write.1.tlog
c:\users\advai\onedrive\desktop\second year\microprojects\data structures using c\bank_management_system\bank_management_system\debug\bank_man.62208a58.tlog\link-cvtres.read.1.tlog
c:\users\advai\onedrive\desktop\second year\microprojects\data structures using c\bank_management_system\bank_management_system\debug\bank_man.62208a58.tlog\link-cvtres.write.1.tlog
c:\users\advai\onedrive\desktop\second year\microprojects\data structures using c\bank_management_system\bank_management_system\debug\bank_man.62208a58.tlog\link-rc.read.1.tlog
c:\users\advai\onedrive\desktop\second year\microprojects\data structures using c\bank_management_system\bank_management_system\debug\bank_man.62208a58.tlog\link-rc.write.1.tlog
c:\users\advai\onedrive\desktop\second year\microprojects\data structures using c\bank_management_system\bank_management_system\debug\bank_man.62208a58.tlog\link.command.1.tlog
c:\users\advai\onedrive\desktop\second year\microprojects\data structures using c\bank_management_system\bank_management_system\debug\bank_man.62208a58.tlog\link.read.1.tlog
c:\users\advai\onedrive\desktop\second year\microprojects\data structures using c\bank_management_system\bank_management_system\debug\bank_man.62208a58.tlog\link.write.1.tlog
